[04:31:42] [Server thread/INFO]: Starting minecraft server version 1.7.10
[04:31:43] [Server thread/INFO]: Loading properties
[04:31:43] [Server thread/INFO]: Default game type: SURVIVAL
[04:31:43] [Server thread/INFO]: Generating keypair
[04:31:43] [Server thread/INFO]: Starting Minecraft server on *:25565
[04:31:43] [Server thread/WARN]: **** SERVER IS RUNNING IN OFFLINE/INSECURE MODE!
[04:31:43] [Server thread/WARN]: The server will make no attempt to authenticate usernames. Beware.
[04:31:43] [Server thread/WARN]: While this makes the game possible to play without internet access, it also opens up the ability for hackers to connect with any username they choose.
[04:31:43] [Server thread/WARN]: To change this, set "online-mode" to "true" in the server.properties file.
[04:31:43] [Server thread/WARN]: Failed to load user banlist: 
java.io.FileNotFoundException: banned-players.json (No such file or directory)
	at java.io.FileInputStream.open0(Native Method) ~[?:1.8.0_442]
	at java.io.FileInputStream.open(FileInputStream.java:195) ~[?:1.8.0_442]
	at java.io.FileInputStream.<init>(FileInputStream.java:138) ~[?:1.8.0_442]
	at com.google.common.io.Files.newReader(Files.java:86) ~[guava-17.0.jar:?]
	at net.minecraft.server.management.UserList.func_152679_g(SourceFile:124) ~[om.class:?]
	at net.minecraft.server.dedicated.DedicatedPlayerList.func_152620_y(SourceFile:99) [ls.class:?]
	at net.minecraft.server.dedicated.DedicatedPlayerList.<init>(SourceFile:25) [ls.class:?]
	at net.minecraft.server.dedicated.DedicatedServer.func_71197_b(DedicatedServer.java:211) [lt.class:?]
	at net.minecraft.server.MinecraftServer.run(MinecraftServer.java:387) [MinecraftServer.class:?]
	at net.minecraft.server.MinecraftServer$2.run(MinecraftServer.java:685) [li.class:?]
[04:31:43] [Server thread/WARN]: Failed to load ip banlist: 
java.io.FileNotFoundException: banned-ips.json (No such file or directory)
	at java.io.FileInputStream.open0(Native Method) ~[?:1.8.0_442]
	at java.io.FileInputStream.open(FileInputStream.java:195) ~[?:1.8.0_442]
	at java.io.FileInputStream.<init>(FileInputStream.java:138) ~[?:1.8.0_442]
	at com.google.common.io.Files.newReader(Files.java:86) ~[guava-17.0.jar:?]
	at net.minecraft.server.management.UserList.func_152679_g(SourceFile:124) ~[om.class:?]
	at net.minecraft.server.dedicated.DedicatedPlayerList.func_152619_x(SourceFile:91) [ls.class:?]
	at net.minecraft.server.dedicated.DedicatedPlayerList.<init>(SourceFile:27) [ls.class:?]
	at net.minecraft.server.dedicated.DedicatedServer.func_71197_b(DedicatedServer.java:211) [lt.class:?]
	at net.minecraft.server.MinecraftServer.run(MinecraftServer.java:387) [MinecraftServer.class:?]
	at net.minecraft.server.MinecraftServer$2.run(MinecraftServer.java:685) [li.class:?]
[04:31:43] [Server thread/WARN]: Failed to load operators list: 
java.io.FileNotFoundException: ops.json (No such file or directory)
	at java.io.FileInputStream.open0(Native Method) ~[?:1.8.0_442]
	at java.io.FileInputStream.open(FileInputStream.java:195) ~[?:1.8.0_442]
	at java.io.FileInputStream.<init>(FileInputStream.java:138) ~[?:1.8.0_442]
	at com.google.common.io.Files.newReader(Files.java:86) ~[guava-17.0.jar:?]
	at net.minecraft.server.management.UserList.func_152679_g(SourceFile:124) ~[om.class:?]
	at net.minecraft.server.dedicated.DedicatedPlayerList.func_72417_t(SourceFile:107) [ls.class:?]
	at net.minecraft.server.dedicated.DedicatedPlayerList.<init>(SourceFile:29) [ls.class:?]
	at net.minecraft.server.dedicated.DedicatedServer.func_71197_b(DedicatedServer.java:211) [lt.class:?]
	at net.minecraft.server.MinecraftServer.run(MinecraftServer.java:387) [MinecraftServer.class:?]
	at net.minecraft.server.MinecraftServer$2.run(MinecraftServer.java:685) [li.class:?]
[04:31:43] [Server thread/WARN]: Failed to load white-list: 
java.io.FileNotFoundException: whitelist.json (No such file or directory)
	at java.io.FileInputStream.open0(Native Method) ~[?:1.8.0_442]
	at java.io.FileInputStream.open(FileInputStream.java:195) ~[?:1.8.0_442]
	at java.io.FileInputStream.<init>(FileInputStream.java:138) ~[?:1.8.0_442]
	at com.google.common.io.Files.newReader(Files.java:86) ~[guava-17.0.jar:?]
	at net.minecraft.server.management.UserList.func_152679_g(SourceFile:124) ~[om.class:?]
	at net.minecraft.server.dedicated.DedicatedPlayerList.func_72418_v(SourceFile:123) [ls.class:?]
	at net.minecraft.server.dedicated.DedicatedPlayerList.<init>(SourceFile:30) [ls.class:?]
	at net.minecraft.server.dedicated.DedicatedServer.func_71197_b(DedicatedServer.java:211) [lt.class:?]
	at net.minecraft.server.MinecraftServer.run(MinecraftServer.java:387) [MinecraftServer.class:?]
	at net.minecraft.server.MinecraftServer$2.run(MinecraftServer.java:685) [li.class:?]
[04:31:43] [Server thread/INFO]: Preparing level "world"
[04:31:44] [Server thread/INFO]: Preparing start region for level 0
[04:31:45] [Server thread/INFO]: Preparing spawn area: 14%
[04:31:46] [Server thread/INFO]: Preparing spawn area: 31%
[04:31:47] [Server thread/INFO]: Preparing spawn area: 50%
[04:31:48] [Server thread/INFO]: Preparing spawn area: 71%
[04:31:49] [Server thread/INFO]: Preparing spawn area: 91%
[04:31:49] [Server thread/INFO]: Done (6.152s)! For help, type "help" or "?"
[04:31:49] [Server thread/INFO]: Unknown command. Try /help for a list of commands
